<?xml version="1.0" encoding="UTF-8"?>
<!-- Generated by org.testng.reporters.JUnitReportReporter -->
<testsuite hostname="BOOK-ITMI8UVHBS" failures="0" tests="1" name="com.hrm.scenario2.TestCases.LoginTest" time="3.231" errors="0" timestamp="2025-06-05T23:27:15 IST" skipped="0">
  <testcase classname="com.hrm.scenario2.TestCases.LoginTest" name="login" time="3.231"/>
</testsuite> <!-- com.hrm.scenario2.TestCases.LoginTest -->
