<?xml version="1.0" encoding="UTF-8"?>
<!-- Generated by org.testng.reporters.JUnitReportReporter -->
<testsuite hostname="BOOK-ITMI8UVHBS" failures="0" tests="4" name="com.hrm.scenario2.TestCases.AdminTest" time="8.959" errors="0" timestamp="2025-06-05T23:27:15 IST" skipped="0">
  <testcase classname="com.hrm.scenario2.TestCases.AdminTest" name="assertCountAndNavigateToAdmin" time="2.472"/>
  <testcase classname="com.hrm.scenario2.TestCases.AdminTest" name="testByUserName" time="2.126"/>
  <testcase classname="com.hrm.scenario2.TestCases.AdminTest" name="testByUserRole" time="2.157"/>
  <testcase classname="com.hrm.scenario2.TestCases.AdminTest" name="testByUserStatus" time="2.204"/>
</testsuite> <!-- com.hrm.scenario2.TestCases.AdminTest -->
